[21:42:58] [ServerMain/INFO]: Environment: Environment[sessionHost=https://sessionserver.mojang.com, servicesHost=https://api.minecraftservices.com, profilesHost=https://api.mojang.com, name=PROD]
[21:43:00] [ServerMain/INFO]: Loaded 1515 recipes
[21:43:00] [ServerMain/INFO]: Loaded 1617 advancements
[21:43:00] [Server thread/INFO]: Starting minecraft server version 26.1.2
[21:43:00] [Server thread/INFO]: Loading properties
[21:43:00] [Server thread/INFO]: Default game type: SURVIVAL
[21:43:00] [Server thread/INFO]: Generating keypair
[21:43:00] [Server thread/INFO]: Starting Minecraft server on *:25565
[21:43:00] [Server thread/WARN]: **** SERVER IS RUNNING IN OFFLINE/INSECURE MODE!
[21:43:00] [Server thread/WARN]: The server will make no attempt to authenticate usernames. Beware.
[21:43:00] [Server thread/WARN]: While this makes the game possible to play without internet access, it also opens up the ability for hackers to connect with any username they choose.
[21:43:00] [Server thread/WARN]: To change this, set "online-mode" to "true" in the server.properties file.
[21:43:00] [Server thread/INFO]: Preparing level "world"
[21:43:01] [Server thread/INFO]: Loading 0 persistent chunks...
[21:43:01] [Server thread/INFO]: Preparing spawn area: 100%
[21:43:01] [Server thread/INFO]: Time elapsed: 96 ms
[21:43:01] [Server thread/INFO]: Done (0.562s)! For help, type "help"
[21:43:01] [Server thread/INFO]: Saving chunks for level 'ServerLevel[world]'/minecraft:overworld
[21:43:01] [Server thread/INFO]: Saving chunks for level 'ServerLevel[world]'/minecraft:the_end
[21:43:01] [Server thread/INFO]: Saving chunks for level 'ServerLevel[world]'/minecraft:the_nether
[21:43:01] [Server thread/INFO]: ThreadedAnvilChunkStorage (world): All chunks are saved
[21:43:01] [Server thread/INFO]: ThreadedAnvilChunkStorage (DIM1): All chunks are saved
[21:43:01] [Server thread/INFO]: ThreadedAnvilChunkStorage (DIM-1): All chunks are saved
[21:43:01] [Server thread/INFO]: ThreadedAnvilChunkStorage: All dimensions are saved
[21:44:01] [Server thread/INFO]: Server empty for 60 seconds, pausing
[21:44:16] [Server thread/INFO]: GdBoy26[/100.79.160.35:50699] logged in with entity id 78 at (260.0843887987965, 96.0, 371.92658962076644)
[21:44:16] [Server thread/INFO]: GdBoy26 joined the game
[22:14:29] [Server thread/INFO]: [Not Secure] [Server] GD run the server in your laptop na now :) i wanna play another game now
[22:14:39] [Server thread/INFO]: [Not Secure] <GdBoy26> how do i ?
[22:14:48] [Server thread/INFO]: Unknown or incomplete command. See below for error
[22:14:48] [Server thread/INFO]: ill show you<--[HERE]
